<?xml version="1.0" encoding="UTF-8"?>
<testsuite xmlns:xsi="http://www.w3.org/2001/XMLSchema-instance" xsi:noNamespaceSchemaLocation="https://maven.apache.org/surefire/maven-surefire-plugin/xsd/surefire-test-report.xsd" name="com.itheima.test.TestController" time="6.114" tests="1" errors="0" skipped="0" failures="0">
  <properties>
    <property name="sun.desktop" value="windows"/>
    <property name="awt.toolkit" value="sun.awt.windows.WToolkit"/>
    <property name="java.specification.version" value="9"/>
    <property name="file.encoding.pkg" value="sun.io"/>
    <property name="sun.cpu.isalist" value="amd64"/>
    <property name="sun.jnu.encoding" value="GBK"/>
    <property name="java.class.path" value="G:\---Java学习资料\ssm剩余部分的资料\ssm综合练习\day02\代码\分页代码\SSM_Projectintegration_Project\SSM_Web\target\test-classes;G:\---Java学习资料\ssm剩余部分的资料\ssm综合练习\day02\代码\分页代码\SSM_Projectintegration_Project\SSM_Web\target\classes;D:\Develop\maven_repository\junit\junit\4.12\junit-4.12.jar;D:\Develop\maven_repository\org\hamcrest\hamcrest-core\1.3\hamcrest-core-1.3.jar;D:\Develop\maven_repository\com\itheima\SSM_Service\1.0-SNAPSHOT\SSM_Service-1.0-SNAPSHOT.jar;D:\Develop\maven_repository\com\itheima\SSM_Dao1\1.0-SNAPSHOT\SSM_Dao1-1.0-SNAPSHOT.jar;D:\Develop\maven_repository\com\itheima\SSM_Domain\1.0-SNAPSHOT\SSM_Domain-1.0-SNAPSHOT.jar;D:\Develop\maven_repository\com\itheima\SSM_Utils\1.0-SNAPSHOT\SSM_Utils-1.0-SNAPSHOT.jar;D:\Develop\maven_repository\org\aspectj\aspectjweaver\1.6.8\aspectjweaver-1.6.8.jar;D:\Develop\maven_repository\org\springframework\spring-aop\5.0.2.RELEASE\spring-aop-5.0.2.RELEASE.jar;D:\Develop\maven_repository\org\springframework\spring-context\5.0.2.RELEASE\spring-context-5.0.2.RELEASE.jar;D:\Develop\maven_repository\org\springframework\spring-expression\5.0.2.RELEASE\spring-expression-5.0.2.RELEASE.jar;D:\Develop\maven_repository\org\springframework\spring-context-support\5.0.2.RELEASE\spring-context-support-5.0.2.RELEASE.jar;D:\Develop\maven_repository\org\springframework\spring-web\5.0.2.RELEASE\spring-web-5.0.2.RELEASE.jar;D:\Develop\maven_repository\org\springframework\spring-orm\5.0.2.RELEASE\spring-orm-5.0.2.RELEASE.jar;D:\Develop\maven_repository\org\springframework\spring-jdbc\5.0.2.RELEASE\spring-jdbc-5.0.2.RELEASE.jar;D:\Develop\maven_repository\org\springframework\spring-beans\5.0.2.RELEASE\spring-beans-5.0.2.RELEASE.jar;D:\Develop\maven_repository\org\springframework\spring-core\5.0.2.RELEASE\spring-core-5.0.2.RELEASE.jar;D:\Develop\maven_repository\org\springframework\spring-jcl\5.0.2.RELEASE\spring-jcl-5.0.2.RELEASE.jar;D:\Develop\maven_repository\org\springframework\spring-test\5.0.2.RELEASE\spring-test-5.0.2.RELEASE.jar;D:\Develop\maven_repository\org\springframework\spring-webmvc\5.0.2.RELEASE\spring-webmvc-5.0.2.RELEASE.jar;D:\Develop\maven_repository\org\springframework\spring-tx\5.0.2.RELEASE\spring-tx-5.0.2.RELEASE.jar;D:\Develop\maven_repository\javax\servlet\javax.servlet-api\3.1.0\javax.servlet-api-3.1.0.jar;D:\Develop\maven_repository\javax\servlet\jsp\jsp-api\2.0\jsp-api-2.0.jar;D:\Develop\maven_repository\com\fasterxml\jackson\core\jackson-databind\2.9.0\jackson-databind-2.9.0.jar;D:\Develop\maven_repository\com\fasterxml\jackson\core\jackson-core\2.9.0\jackson-core-2.9.0.jar;D:\Develop\maven_repository\com\fasterxml\jackson\core\jackson-annotations\2.9.0\jackson-annotations-2.9.0.jar;D:\Develop\maven_repository\jstl\jstl\1.2\jstl-1.2.jar;D:\Develop\maven_repository\log4j\log4j\1.2.12\log4j-1.2.12.jar;D:\Develop\maven_repository\org\slf4j\slf4j-api\1.6.6\slf4j-api-1.6.6.jar;D:\Develop\maven_repository\org\slf4j\slf4j-log4j12\1.6.6\slf4j-log4j12-1.6.6.jar;D:\Develop\maven_repository\org\mybatis\mybatis\3.4.5\mybatis-3.4.5.jar;D:\Develop\maven_repository\org\mybatis\mybatis-spring\1.3.0\mybatis-spring-1.3.0.jar;D:\Develop\maven_repository\c3p0\c3p0\0.9.1.2\c3p0-0.9.1.2.jar;D:\Develop\maven_repository\com\github\pagehelper\pagehelper\5.1.2\pagehelper-5.1.2.jar;D:\Develop\maven_repository\com\github\jsqlparser\jsqlparser\1.0\jsqlparser-1.0.jar;D:\Develop\maven_repository\org\springframework\security\spring-security-web\5.0.1.RELEASE\spring-security-web-5.0.1.RELEASE.jar;D:\Develop\maven_repository\org\springframework\security\spring-security-config\5.0.1.RELEASE\spring-security-config-5.0.1.RELEASE.jar;D:\Develop\maven_repository\org\springframework\security\spring-security-core\5.0.1.RELEASE\spring-security-core-5.0.1.RELEASE.jar;D:\Develop\maven_repository\org\springframework\security\spring-security-taglibs\5.0.1.RELEASE\spring-security-taglibs-5.0.1.RELEASE.jar;D:\Develop\maven_repository\org\springframework\security\spring-security-acl\5.0.1.RELEASE\spring-security-acl-5.0.1.RELEASE.jar;D:\Develop\maven_repository\com\oracle\ojdbc14\10.2.0.4.0\ojdbc14-10.2.0.4.0.jar;D:\Develop\maven_repository\javax\annotation\jsr250-api\1.0\jsr250-api-1.0.jar;"/>
    <property name="java.vm.vendor" value="Oracle Corporation"/>
    <property name="sun.arch.data.model" value="64"/>
    <property name="user.variant" value=""/>
    <property name="java.vendor.url" value="http://java.oracle.com/"/>
    <property name="user.timezone" value="Asia/Shanghai"/>
    <property name="java.vm.specification.version" value="9"/>
    <property name="os.name" value="Windows 7"/>
    <property name="sun.java.launcher" value="SUN_STANDARD"/>
    <property name="user.country" value="CN"/>
    <property name="sun.boot.library.path" value="D:\Develop\JDK9\bin"/>
    <property name="sun.java.command" value="C:\Users\ADMINI~1\AppData\Local\Temp\surefire8006806962829123369\surefirebooter12476138824345140157.jar C:\Users\Administrator\AppData\Local\Temp\surefire8006806962829123369 2019-07-16T10-46-35_458-jvmRun1 surefire1345297120351107131tmp surefire_01341886490911605248tmp"/>
    <property name="jdk.debug" value="release"/>
    <property name="surefire.test.class.path" value="G:\---Java学习资料\ssm剩余部分的资料\ssm综合练习\day02\代码\分页代码\SSM_Projectintegration_Project\SSM_Web\target\test-classes;G:\---Java学习资料\ssm剩余部分的资料\ssm综合练习\day02\代码\分页代码\SSM_Projectintegration_Project\SSM_Web\target\classes;D:\Develop\maven_repository\junit\junit\4.12\junit-4.12.jar;D:\Develop\maven_repository\org\hamcrest\hamcrest-core\1.3\hamcrest-core-1.3.jar;D:\Develop\maven_repository\com\itheima\SSM_Service\1.0-SNAPSHOT\SSM_Service-1.0-SNAPSHOT.jar;D:\Develop\maven_repository\com\itheima\SSM_Dao1\1.0-SNAPSHOT\SSM_Dao1-1.0-SNAPSHOT.jar;D:\Develop\maven_repository\com\itheima\SSM_Domain\1.0-SNAPSHOT\SSM_Domain-1.0-SNAPSHOT.jar;D:\Develop\maven_repository\com\itheima\SSM_Utils\1.0-SNAPSHOT\SSM_Utils-1.0-SNAPSHOT.jar;D:\Develop\maven_repository\org\aspectj\aspectjweaver\1.6.8\aspectjweaver-1.6.8.jar;D:\Develop\maven_repository\org\springframework\spring-aop\5.0.2.RELEASE\spring-aop-5.0.2.RELEASE.jar;D:\Develop\maven_repository\org\springframework\spring-context\5.0.2.RELEASE\spring-context-5.0.2.RELEASE.jar;D:\Develop\maven_repository\org\springframework\spring-expression\5.0.2.RELEASE\spring-expression-5.0.2.RELEASE.jar;D:\Develop\maven_repository\org\springframework\spring-context-support\5.0.2.RELEASE\spring-context-support-5.0.2.RELEASE.jar;D:\Develop\maven_repository\org\springframework\spring-web\5.0.2.RELEASE\spring-web-5.0.2.RELEASE.jar;D:\Develop\maven_repository\org\springframework\spring-orm\5.0.2.RELEASE\spring-orm-5.0.2.RELEASE.jar;D:\Develop\maven_repository\org\springframework\spring-jdbc\5.0.2.RELEASE\spring-jdbc-5.0.2.RELEASE.jar;D:\Develop\maven_repository\org\springframework\spring-beans\5.0.2.RELEASE\spring-beans-5.0.2.RELEASE.jar;D:\Develop\maven_repository\org\springframework\spring-core\5.0.2.RELEASE\spring-core-5.0.2.RELEASE.jar;D:\Develop\maven_repository\org\springframework\spring-jcl\5.0.2.RELEASE\spring-jcl-5.0.2.RELEASE.jar;D:\Develop\maven_repository\org\springframework\spring-test\5.0.2.RELEASE\spring-test-5.0.2.RELEASE.jar;D:\Develop\maven_repository\org\springframework\spring-webmvc\5.0.2.RELEASE\spring-webmvc-5.0.2.RELEASE.jar;D:\Develop\maven_repository\org\springframework\spring-tx\5.0.2.RELEASE\spring-tx-5.0.2.RELEASE.jar;D:\Develop\maven_repository\javax\servlet\javax.servlet-api\3.1.0\javax.servlet-api-3.1.0.jar;D:\Develop\maven_repository\javax\servlet\jsp\jsp-api\2.0\jsp-api-2.0.jar;D:\Develop\maven_repository\com\fasterxml\jackson\core\jackson-databind\2.9.0\jackson-databind-2.9.0.jar;D:\Develop\maven_repository\com\fasterxml\jackson\core\jackson-core\2.9.0\jackson-core-2.9.0.jar;D:\Develop\maven_repository\com\fasterxml\jackson\core\jackson-annotations\2.9.0\jackson-annotations-2.9.0.jar;D:\Develop\maven_repository\jstl\jstl\1.2\jstl-1.2.jar;D:\Develop\maven_repository\log4j\log4j\1.2.12\log4j-1.2.12.jar;D:\Develop\maven_repository\org\slf4j\slf4j-api\1.6.6\slf4j-api-1.6.6.jar;D:\Develop\maven_repository\org\slf4j\slf4j-log4j12\1.6.6\slf4j-log4j12-1.6.6.jar;D:\Develop\maven_repository\org\mybatis\mybatis\3.4.5\mybatis-3.4.5.jar;D:\Develop\maven_repository\org\mybatis\mybatis-spring\1.3.0\mybatis-spring-1.3.0.jar;D:\Develop\maven_repository\c3p0\c3p0\0.9.1.2\c3p0-0.9.1.2.jar;D:\Develop\maven_repository\com\github\pagehelper\pagehelper\5.1.2\pagehelper-5.1.2.jar;D:\Develop\maven_repository\com\github\jsqlparser\jsqlparser\1.0\jsqlparser-1.0.jar;D:\Develop\maven_repository\org\springframework\security\spring-security-web\5.0.1.RELEASE\spring-security-web-5.0.1.RELEASE.jar;D:\Develop\maven_repository\org\springframework\security\spring-security-config\5.0.1.RELEASE\spring-security-config-5.0.1.RELEASE.jar;D:\Develop\maven_repository\org\springframework\security\spring-security-core\5.0.1.RELEASE\spring-security-core-5.0.1.RELEASE.jar;D:\Develop\maven_repository\org\springframework\security\spring-security-taglibs\5.0.1.RELEASE\spring-security-taglibs-5.0.1.RELEASE.jar;D:\Develop\maven_repository\org\springframework\security\spring-security-acl\5.0.1.RELEASE\spring-security-acl-5.0.1.RELEASE.jar;D:\Develop\maven_repository\com\oracle\ojdbc14\10.2.0.4.0\ojdbc14-10.2.0.4.0.jar;D:\Develop\maven_repository\javax\annotation\jsr250-api\1.0\jsr250-api-1.0.jar;"/>
    <property name="sun.cpu.endian" value="little"/>
    <property name="user.home" value="C:\Users\Administrator"/>
    <property name="user.language" value="zh"/>
    <property name="java.specification.vendor" value="Oracle Corporation"/>
    <property name="java.home" value="D:\Develop\JDK9"/>
    <property name="file.separator" value="\"/>
    <property name="basedir" value="G:\---Java学习资料\ssm剩余部分的资料\ssm综合练习\day02\代码\分页代码\SSM_Projectintegration_Project\SSM_Web"/>
    <property name="java.vm.compressedOopsMode" value="32-bit"/>
    <property name="line.separator" value="&#10;"/>
    <property name="java.vm.specification.vendor" value="Oracle Corporation"/>
    <property name="java.specification.name" value="Java Platform API Specification"/>
    <property name="java.awt.graphicsenv" value="sun.awt.Win32GraphicsEnvironment"/>
    <property name="surefire.real.class.path" value="C:\Users\ADMINI~1\AppData\Local\Temp\surefire8006806962829123369\surefirebooter12476138824345140157.jar"/>
    <property name="user.script" value=""/>
    <property name="sun.management.compiler" value="HotSpot 64-Bit Tiered Compilers"/>
    <property name="java.runtime.version" value="9.0.4+11"/>
    <property name="user.name" value="Administrator"/>
    <property name="path.separator" value=";"/>
    <property name="os.version" value="6.1"/>
    <property name="java.runtime.name" value="Java(TM) SE Runtime Environment"/>
    <property name="file.encoding" value="GBK"/>
    <property name="java.vm.name" value="Java HotSpot(TM) 64-Bit Server VM"/>
    <property name="localRepository" value="D:\Develop\maven_repository"/>
    <property name="java.vendor.url.bug" value="http://bugreport.java.com/bugreport/"/>
    <property name="java.io.tmpdir" value="C:\Users\ADMINI~1\AppData\Local\Temp\"/>
    <property name="idea.version" value="2017.3.4"/>
    <property name="java.version" value="9.0.4"/>
    <property name="user.dir" value="G:\---Java学习资料\ssm剩余部分的资料\ssm综合练习\day02\代码\分页代码\SSM_Projectintegration_Project\SSM_Web"/>
    <property name="os.arch" value="amd64"/>
    <property name="java.vm.specification.name" value="Java Virtual Machine Specification"/>
    <property name="java.awt.printerjob" value="sun.awt.windows.WPrinterJob"/>
    <property name="sun.os.patch.level" value="Service Pack 1"/>
    <property name="java.library.path" value="D:\Develop\JDK9\bin;C:\Windows\Sun\Java\bin;C:\Windows\system32;C:\Windows;D:\Develop\oracle\product\10.2.0\db_1\bin;D:\Develop\apache-maven-3.5.2\bin;D:\Develop\JDK9\bin;C:\Program Files (x86)\SepanderSoft;C:\Windows\system32;C:\Windows;C:\Windows\System32\Wbem;C:\Windows\System32\WindowsPowerShell\v1.0\;D:\Develop\mysql\bin;D:\Develop\PuTTY\;C:\Program Files\Git\cmd;C:\Program Files\TortoiseGit\bin;C:\Program Files\VisualSVN Server\bin;C:\Program Files\TortoiseSVN\bin;."/>
    <property name="java.vm.info" value="mixed mode"/>
    <property name="java.vendor" value="Oracle Corporation"/>
    <property name="java.vm.version" value="9.0.4+11"/>
    <property name="sun.io.unicode.encoding" value="UnicodeLittle"/>
    <property name="maven.repo.local" value="D:\Develop\maven_repository"/>
    <property name="java.class.version" value="53.0"/>
  </properties>
  <testcase name="test" classname="com.itheima.test.TestController" time="5.955"/>
</testsuite>